<?xml version="1.0" encoding="UTF-8"?>
<!-- Generated by org.testng.reporters.JUnitReportReporter -->
<testsuite hostname="DELL" failures="0" tests="1" name="testng.multplewndwhandlr$Guru99" time="12.933" errors="0" timestamp="2023-09-25T10:28:36 IST" skipped="0">
  <testcase classname="testng.multplewndwhandlr$Guru99" name="test" time="12.933"/>
</testsuite> <!-- testng.multplewndwhandlr$Guru99 -->
