<?xml version="1.0" encoding="UTF-8"?>
<!-- Generated by org.testng.reporters.JUnitReportReporter -->
<testsuite hostname="DELL" failures="0" tests="1" name="testng.Amazon" time="50.199" errors="0" timestamp="2023-09-25T12:38:36 IST" skipped="0">
  <testcase classname="testng.Amazon" name="test" time="50.199"/>
</testsuite> <!-- testng.Amazon -->
