<?xml version="1.0" encoding="UTF-8"?>
<!-- Generated by org.testng.reporters.JUnitReportReporter -->
<testsuite hostname="DELL" failures="0" tests="1" name="testng.Datadrivenfb" time="15.372" errors="0" timestamp="2023-09-26T10:29:09 IST" skipped="0">
  <testcase classname="testng.Datadrivenfb" name="test" time="15.372"/>
</testsuite> <!-- testng.Datadrivenfb -->
