<?xml version="1.0" encoding="UTF-8"?>
<!-- Generated by org.testng.reporters.JUnitReportReporter -->
<testsuite hostname="DELL" failures="0" tests="1" name="testng.scrolldwn" time="4.284" errors="0" timestamp="2023-09-29T10:45:04 IST" skipped="0">
  <testcase classname="testng.scrolldwn" name="test" time="4.284"/>
</testsuite> <!-- testng.scrolldwn -->
