<?xml version="1.0" encoding="UTF-8"?>
<!-- Generated by org.testng.reporters.JUnitReportReporter -->
<testsuite hostname="DELL" failures="0" tests="2" name="TestNG.Testingxml" time="0.035" errors="0" timestamp="2023-09-16T11:24:11 IST" skipped="0">
  <testcase classname="TestNG.Testingxml" name="tesst3" time="0.026"/>
  <testcase classname="TestNG.Testingxml" name="test2" time="0.009"/>
</testsuite> <!-- TestNG.Testingxml -->
