<?xml version="1.0" encoding="UTF-8"?>
<!-- Generated by org.testng.reporters.JUnitReportReporter -->
<testsuite hostname="DELL" failures="0" tests="1" name="testng.Facebook" time="0.442" errors="0" timestamp="2023-09-18T10:53:38 IST" skipped="0">
  <testcase classname="testng.Facebook" name="Fblogin" time="0.442"/>
</testsuite> <!-- testng.Facebook -->
