<?xml version="1.0" encoding="UTF-8"?>
<!-- Generated by org.testng.reporters.JUnitReportReporter -->
<testsuite hostname="DELL" failures="0" tests="1" name="test.Fbcreatetest" time="7.688" errors="0" timestamp="2023-09-29T10:41:13 IST" skipped="0">
  <testcase classname="test.Fbcreatetest" name="test" time="7.688"/>
</testsuite> <!-- test.Fbcreatetest -->
