<?xml version="1.0" encoding="UTF-8"?>
<!-- Generated by org.testng.reporters.JUnitReportReporter -->
<testsuite hostname="DELL" failures="0" tests="1" name="testng.Copypaste" time="7.341" errors="0" timestamp="2023-09-20T09:45:03 IST" skipped="0">
  <testcase classname="testng.Copypaste" name="test1" time="7.341"/>
</testsuite> <!-- testng.Copypaste -->
