<?xml version="1.0" encoding="UTF-8"?>
<!-- Generated by org.testng.reporters.JUnitReportReporter -->
<testsuite hostname="DELL" failures="0" tests="1" name="TestNG.Testingdflt" time="0.039" errors="0" timestamp="2023-09-16T10:53:09 IST" skipped="0">
  <testcase classname="TestNG.Testingdflt" name="test1" time="0.039"/>
</testsuite> <!-- TestNG.Testingdflt -->
