<?xml version="1.0" encoding="UTF-8"?>
<!-- Generated by org.testng.reporters.JUnitReportReporter -->
<testsuite hostname="DELL" failures="0" tests="1" name="testng.Guru99" time="6.606" errors="0" timestamp="2023-09-20T10:51:07 IST" skipped="0">
  <testcase classname="testng.Guru99" name="test1" time="6.606"/>
</testsuite> <!-- testng.Guru99 -->
