<?xml version="1.0" encoding="UTF-8"?>
<!-- Generated by org.testng.reporters.JUnitReportReporter -->
<testsuite hostname="DELL" failures="0" tests="1" name="testng.Swaglab" time="0.684" errors="0" timestamp="2023-09-28T10:10:18 IST" skipped="0">
  <testcase classname="testng.Swaglab" name="test" time="0.684"/>
</testsuite> <!-- testng.Swaglab -->
