<?xml version="1.0" encoding="UTF-8"?>
<!-- Generated by org.testng.reporters.JUnitReportReporter -->
<testsuite hostname="DELL" failures="0" tests="1" name="testng.Parameterisation" time="0.029" errors="0" timestamp="2023-09-18T09:44:48 IST" skipped="0">
  <testcase classname="testng.Parameterisation" name="test" time="0.029"/>
</testsuite> <!-- testng.Parameterisation -->
