<?xml version="1.0" encoding="UTF-8"?>
<!-- Generated by org.testng.reporters.JUnitReportReporter -->
<testsuite hostname="DELL" failures="0" tests="1" name="test.tasktest" time="14.561" errors="0" timestamp="2023-10-03T13:57:59 IST" skipped="0">
  <testcase classname="test.tasktest" name="test" time="14.561"/>
</testsuite> <!-- test.tasktest -->
