<?xml version="1.0" encoding="UTF-8"?>
<!-- Generated by org.testng.reporters.JUnitReportReporter -->
<testsuite hostname="DELL" failures="0" tests="1" name="test.Fblogintest" time="15.868" errors="0" timestamp="2023-09-29T10:39:32 IST" skipped="0">
  <testcase classname="test.Fblogintest" name="test" time="15.868"/>
</testsuite> <!-- test.Fblogintest -->
