<?xml version="1.0" encoding="UTF-8"?>
<!-- Generated by org.testng.reporters.JUnitReportReporter -->
<testsuite hostname="DELL" failures="0" tests="3" name="testng.ebayqn" time="0.329" errors="0" timestamp="2023-09-19T10:45:11 IST" skipped="0">
  <testcase classname="testng.ebayqn" name="test" time="0.127"/>
  <testcase classname="testng.ebayqn" name="test2" time="0.152"/>
  <testcase classname="testng.ebayqn" name="test1" time="0.050"/>
</testsuite> <!-- testng.ebayqn -->
